CONVERTING XPT FILES TO CSV...
******************************************************************************************
python xpt2csv.py data/sources/xpt/2021-2023 data/sources/csv/2021-2023
Converting XPT files to CSV...
Processing SAS dataset UCPREG_L 	 ..
Processing SAS dataset RXQ_RX_L 	 ..
Processing SAS dataset HSCRP_L 	 ..
Processing SAS dataset HEQ_L 	 ..
Processing SAS dataset OHQ_L 	 ..
Processing SAS dataset RXQASA_L 	 ..
Processing SAS dataset HIQ_L 	 ..
Processing SAS dataset LUX_L 	 ..
Processing SAS dataset KIQ_U_L 	 ..
Processing SAS dataset HSQ_L 	 ..
Processing SAS dataset ALB_CR_L 	 ..
Processing SAS dataset FOLFMS_L 	 ..
Processing SAS dataset DBQ_L 	 ..
Processing SAS dataset BAQ_L 	 ..
Processing SAS dataset RHQ_L 	 ..
Processing SAS dataset CBC_L 	 ..
Processing SAS dataset IMQ_L 	 ..
Processing SAS dataset HOQ_L 	 ..
Processing SAS dataset FNQ_L 	 ..
Processing SAS dataset ACQ_L 	 ..
Processing SAS dataset TST_L 	 ..
Processing SAS dataset DPQ_L 	 ..
Processing SAS dataset SLQ_L 	 ..
Processing SAS dataset GLU_L 	 ..
Processing SAS dataset SMQRTU_L 	 ..
Processing SAS dataset AUQ_L 	 ..
Processing SAS dataset AGP_L 	 ..
Processing SAS dataset BPXO_L 	 ..
Processing SAS dataset HUQ_L 	 ..
Processing SAS dataset SMQFAM_L 	 ..
Processing SAS dataset VID_L 	 ..
Processing SAS dataset FOLATE_L 	 ..
Processing SAS dataset PUQMEC_L 	 ..
Processing SAS dataset PBCD_L 	 ..
Processing SAS dataset DEMO_L 	 ..
Processing SAS dataset ECQ_L 	 ..
Processing SAS dataset BMX_L 	 ..
Processing SAS dataset HDL_L 	 ..
Processing SAS dataset BAX_L 	 ..
Processing SAS dataset TCHOL_L 	 ..
Processing SAS dataset PAQ_L 	 ..
Processing SAS dataset PAQY_L 	 ..
Processing SAS dataset FERTIN_L 	 ..
Processing SAS dataset MCQ_L 	 ..
Processing SAS dataset FASTQX_L 	 ..
Processing SAS dataset WHQ_L 	 ..
Processing SAS dataset HEPB_S_L 	 ..
Processing SAS dataset BIOPRO_L 	 ..
Processing SAS dataset BPQ_L 	 ..
Processing SAS dataset VOCWB_L 	 ..
Processing SAS dataset TRIGLY_L 	 ..
Processing SAS dataset OCQ_L 	 ..
Processing SAS dataset INQ_L 	 ..
Processing SAS dataset TFR_L 	 ..
Processing SAS dataset IHGEM_L 	 ..
Processing SAS dataset INS_L 	 ..
Processing SAS dataset DIQ_L 	 ..
Processing SAS dataset HEPA_L 	 ..
Processing SAS dataset DEQ_L 	 ..
Processing SAS dataset GHB_L 	 ..
Processing SAS dataset ALQ_L 	 ..
Processing SAS dataset SMQ_L 	 ..
Done.
------------------------------------------------------------------------------------------
