CONVERTING XPT FILES TO CSV...
******************************************************************************************
python xpt2csv.py data/sources/xpt/2015-2016 data/sources/csv/2015-2016
Converting XPT files to CSV...
Processing SAS dataset DBQ_I 	 ..
Processing SAS dataset SSAGP_I 	 ..
Processing SAS dataset UCFLOW_I 	 ..
Processing SAS dataset RHQ_I 	 ..
Processing SAS dataset CBC_I 	 ..
Processing SAS dataset UTASS_I 	 ..
Processing SAS dataset HPVSWR_I 	 ..
Processing SAS dataset HSQ_I 	 ..
Processing SAS dataset KIQ_U_I 	 ..
Processing SAS dataset ETHOX_I 	 ..
Processing SAS dataset ALB_CR_I 	 ..
Processing SAS dataset FOLFMS_I 	 ..
Processing SAS dataset AUXTYM_I 	 ..
Processing SAS dataset UPHOPM_I 	 ..
Processing SAS dataset RXQ_RX_I 	 ..
Processing SAS dataset DOXPOL_I 	 ..
Processing SAS dataset HSCRP_I 	 ..
Processing SAS dataset HEQ_I 	 ..
Processing SAS dataset ORHPV_I 	 ..
Processing SAS dataset OHQ_I 	 ..
Processing SAS dataset RXQASA_I 	 ..
Processing SAS dataset HIQ_I 	 ..
Processing SAS dataset SMQSHS_I 	 ..
Processing SAS dataset UCPREG_I 	 ..
Processing SAS dataset DLQ_I 	 ..
Processing SAS dataset UVOC_I 	 ..
Processing SAS dataset PERNT_I 	 ..
Processing SAS dataset WHQMEC_I 	 ..
Processing SAS dataset UHG_I 	 ..
Processing SAS dataset HPVP_I 	 ..
Processing SAS dataset VOCWBS_I 	 ..
Processing SAS dataset OGTT_I 	 ..
Processing SAS dataset HUQ_I 	 ..
Processing SAS dataset UVOCS_I 	 ..
Processing SAS dataset SSCT_I 	 ..
Processing SAS dataset SLQ_I 	 ..
Processing SAS dataset CUSEZN_I 	 ..
Processing SAS dataset DPQ_I 	 ..
Processing SAS dataset CHLMDA_I 	 ..
Processing SAS dataset GLU_I 	 ..
Processing SAS dataset BFRPOL_I 	 ..
Processing SAS dataset SMQRTU_I 	 ..
Processing SAS dataset AUQ_I 	 ..
Processing SAS dataset SXQ_I 	 ..
Processing SAS dataset HIV_I 	 ..
Processing SAS dataset PFQ_I 	 ..
Processing SAS dataset UIO_I 	 ..
Processing SAS dataset HSV_I 	 ..
Processing SAS dataset OHXREF_I 	 ..
Processing SAS dataset ACQ_I 	 ..
Processing SAS dataset TRICH_I 	 ..
Processing SAS dataset COT_I 	 ..
Processing SAS dataset FORMAL_I 	 ..
Processing SAS dataset TST_I 	 ..
Processing SAS dataset SSMHHT_I 	 ..
Processing SAS dataset BPX_I 	 ..
Processing SAS dataset SSGLYP_I 	 ..
Processing SAS dataset IMQ_I 	 ..
Processing SAS dataset UADM_I 	 ..
Processing SAS dataset HOQ_I 	 ..
Processing SAS dataset SSKL_I 	 ..
Processing SAS dataset UAS_I 	 ..
Processing SAS dataset UMS_I 	 ..
Processing SAS dataset PAH_I 	 ..
Processing SAS dataset RXQ_DRUG 	 ..
Processing SAS dataset SSFR_I 	 ..
Processing SAS dataset FERTIN_I 	 ..
Processing SAS dataset FLDEW_I 	 ..
Processing SAS dataset MCQ_I 	 ..
Processing SAS dataset AMDGYD_I 	 ..
Processing SAS dataset SSDEET_I 	 ..
Processing SAS dataset PSTPOL_I 	 ..
Processing SAS dataset FASTQX_I 	 ..
Processing SAS dataset BMX_I 	 ..
Processing SAS dataset UFLDE_I 	 ..
Processing SAS dataset SSNEON_I 	 ..
Processing SAS dataset HDL_I 	 ..
Processing SAS dataset CRCO_I 	 ..
Processing SAS dataset CBQ_I 	 ..
Processing SAS dataset TCHOL_I 	 ..
Processing SAS dataset FSQ_I 	 ..
Processing SAS dataset PAQ_I 	 ..
Processing SAS dataset SSPT_I 	 ..
Processing SAS dataset VTQ_I 	 ..
Processing SAS dataset DUQ_I 	 ..
Processing SAS dataset PBCD_I 	 ..
Processing SAS dataset PFAS_I 	 ..
Processing SAS dataset DEMO_I 	 ..
Processing SAS dataset ECQ_I 	 ..
Processing SAS dataset AUXAR_I 	 ..
Processing SAS dataset SSCLTY_I 	 ..
Processing SAS dataset DXX_I 	 ..
Processing SAS dataset PHTHTE_I 	 ..
Processing SAS dataset SMQFAM_I 	 ..
Processing SAS dataset POOLTF_I 	 ..
Processing SAS dataset VID_I 	 ..
Processing SAS dataset UASS_I 	 ..
Processing SAS dataset FLXCLN_I 	 ..
Processing SAS dataset FOLATE_I 	 ..
Processing SAS dataset PUQMEC_I 	 ..
Processing SAS dataset IHGEM_I 	 ..
Processing SAS dataset HEPBD_I 	 ..
Processing SAS dataset EPHPP_I 	 ..
Processing SAS dataset INS_I 	 ..
Processing SAS dataset DEET_I 	 ..
Processing SAS dataset CDQ_I 	 ..
Processing SAS dataset DIQ_I 	 ..
Processing SAS dataset HEPA_I 	 ..
Processing SAS dataset DEQ_I 	 ..
Processing SAS dataset PERNTS_I 	 ..
Processing SAS dataset OPD_I 	 ..
Processing SAS dataset PAHS_I 	 ..
Processing SAS dataset AUX_I 	 ..
Processing SAS dataset HPVSWC_I 	 ..
Processing SAS dataset GHB_I 	 ..
Processing SAS dataset ALQ_I 	 ..
Processing SAS dataset UM_I 	 ..
Processing SAS dataset UCOT_I 	 ..
Processing SAS dataset SMQ_I 	 ..
Processing SAS dataset HEPC_I 	 ..
Processing SAS dataset UCOTS_I 	 ..
Processing SAS dataset INQ_I 	 ..
Processing SAS dataset DXXAG_I 	 ..
Processing SAS dataset TFR_I 	 ..
Processing SAS dataset APOB_I 	 ..
Processing SAS dataset UTAS_I 	 ..
Processing SAS dataset AUXWBR_I 	 ..
Processing SAS dataset OCQ_I 	 ..
Processing SAS dataset OHXDEN_I 	 ..
Processing SAS dataset WHQ_I 	 ..
Processing SAS dataset HEPB_S_I 	 ..
Processing SAS dataset BIOPRO_I 	 ..
Processing SAS dataset FLDEP_I 	 ..
Processing SAS dataset VOCWB_I 	 ..
Processing SAS dataset BPQ_I 	 ..
Processing SAS dataset TRIGLY_I 	 ..
Processing SAS dataset PCBPOL_I 	 ..
Processing SAS dataset HEPE_I 	 ..
Done.
------------------------------------------------------------------------------------------
