CONVERTING XPT FILES TO CSV...
******************************************************************************************
python xpt2csv.py data/sources/xpt/2017-2018 data/sources/csv/2017-2018
Converting XPT files to CSV...
Processing SAS dataset LUX_J 	 ..
Processing SAS dataset HSQ_J 	 ..
Processing SAS dataset KIQ_U_J 	 ..
Processing SAS dataset ETHOX_J 	 ..
Processing SAS dataset ALB_CR_J 	 ..
Processing SAS dataset FOLFMS_J 	 ..
Processing SAS dataset DBQ_J 	 ..
Processing SAS dataset SSAGP_J 	 ..
Processing SAS dataset UCFLOW_J 	 ..
Processing SAS dataset RHQ_J 	 ..
Processing SAS dataset CBC_J 	 ..
Processing SAS dataset SSTST_J 	 ..
Processing SAS dataset UCPREG_J 	 ..
Processing SAS dataset DLQ_J 	 ..
Processing SAS dataset UVOC_J 	 ..
Processing SAS dataset PERNT_J 	 ..
Processing SAS dataset FETIB_J 	 ..
Processing SAS dataset WHQMEC_J 	 ..
Processing SAS dataset FR_J 	 ..
Processing SAS dataset UHG_J 	 ..
Processing SAS dataset DXXSPN_J 	 ..
Processing SAS dataset AUXTYM_J 	 ..
Processing SAS dataset UPHOPM_J 	 ..
Processing SAS dataset UCM_J 	 ..
Processing SAS dataset RXQ_RX_J 	 ..
Processing SAS dataset HSCRP_J 	 ..
Processing SAS dataset HEQ_J 	 ..
Processing SAS dataset OHQ_J 	 ..
Processing SAS dataset RXQASA_J 	 ..
Processing SAS dataset SMQSHS_J 	 ..
Processing SAS dataset HIQ_J 	 ..
Processing SAS dataset SLQ_J 	 ..
Processing SAS dataset DPQ_J 	 ..
Processing SAS dataset GLU_J 	 ..
Processing SAS dataset AUQ_J 	 ..
Processing SAS dataset SMQRTU_J 	 ..
Processing SAS dataset BPXO_J 	 ..
Processing SAS dataset HIV_J 	 ..
Processing SAS dataset PFQ_J 	 ..
Processing SAS dataset CMV_J 	 ..
Processing SAS dataset HUQ_J 	 ..
Processing SAS dataset SSGLYP_J 	 ..
Processing SAS dataset IMQ_J 	 ..
Processing SAS dataset HOQ_J 	 ..
Processing SAS dataset SSUVOC_J 	 ..
Processing SAS dataset UAS_J 	 ..
Processing SAS dataset UIO_J 	 ..
Processing SAS dataset OHXREF_J 	 ..
Processing SAS dataset ACQ_J 	 ..
Processing SAS dataset COT_J 	 ..
Processing SAS dataset BPX_J 	 ..
Processing SAS dataset SSNEON_J 	 ..
Processing SAS dataset BMX_J 	 ..
Processing SAS dataset RXQ_DRUG 	 ..
Processing SAS dataset HDL_J 	 ..
Processing SAS dataset CRCO_J 	 ..
Processing SAS dataset CBQ_J 	 ..
Processing SAS dataset TCHOL_J 	 ..
Processing SAS dataset FSQ_J 	 ..
Processing SAS dataset PAQ_J 	 ..
Processing SAS dataset SSFR_J 	 ..
Processing SAS dataset UNI_J 	 ..
Processing SAS dataset PAQY_J 	 ..
Processing SAS dataset FERTIN_J 	 ..
Processing SAS dataset OSQ_J 	 ..
Processing SAS dataset MCQ_J 	 ..
Processing SAS dataset FASTQX_J 	 ..
Processing SAS dataset PHTHTE_J 	 ..
Processing SAS dataset CBQPFA_J 	 ..
Processing SAS dataset SMQFAM_J 	 ..
Processing SAS dataset VID_J 	 ..
Processing SAS dataset FOLATE_J 	 ..
Processing SAS dataset PUQMEC_J 	 ..
Processing SAS dataset VTQ_J 	 ..
Processing SAS dataset DUQ_J 	 ..
Processing SAS dataset PBCD_J 	 ..
Processing SAS dataset PFAS_J 	 ..
Processing SAS dataset CBQPFC_J 	 ..
Processing SAS dataset DEMO_J 	 ..
Processing SAS dataset ECQ_J 	 ..
Processing SAS dataset AUXAR_J 	 ..
Processing SAS dataset DXX_J 	 ..
Processing SAS dataset HEPC_J 	 ..
Processing SAS dataset INQ_J 	 ..
Processing SAS dataset DXXAG_J 	 ..
Processing SAS dataset TFR_J 	 ..
Processing SAS dataset IHGEM_J 	 ..
Processing SAS dataset HEPBD_J 	 ..
Processing SAS dataset INS_J 	 ..
Processing SAS dataset CDQ_J 	 ..
Processing SAS dataset DIQ_J 	 ..
Processing SAS dataset HEPA_J 	 ..
Processing SAS dataset DEQ_J 	 ..
Processing SAS dataset OPD_J 	 ..
Processing SAS dataset VIC_J 	 ..
Processing SAS dataset GHB_J 	 ..
Processing SAS dataset AUX_J 	 ..
Processing SAS dataset UCOT_J 	 ..
Processing SAS dataset ALQ_J 	 ..
Processing SAS dataset UM_J 	 ..
Processing SAS dataset SMQ_J 	 ..
Processing SAS dataset OHXDEN_J 	 ..
Processing SAS dataset WHQ_J 	 ..
Processing SAS dataset HEPB_S_J 	 ..
Processing SAS dataset BIOPRO_J 	 ..
Processing SAS dataset VOCWB_J 	 ..
Processing SAS dataset BPQ_J 	 ..
Processing SAS dataset TRIGLY_J 	 ..
Processing SAS dataset HEPE_J 	 ..
Processing SAS dataset DXXFEM_J 	 ..
Processing SAS dataset VITAEC_J 	 ..
Processing SAS dataset SSPFAS_J 	 ..
Processing SAS dataset UTAS_J 	 ..
Processing SAS dataset AUXWBR_J 	 ..
Processing SAS dataset OCQ_J 	 ..
Done.
------------------------------------------------------------------------------------------
